Starting data-collection for conv2d...
Doing architecture configs...
0/1 (config_no/rep_no) [batch_size:237,image_size:224,kernel_size:11,in_channels:3,out_channels:64,stride:4,padding:2,freeText:architecture=alexnet;layer_idx=0] (0.0% done)
0/2 (config_no/rep_no) [batch_size:237,image_size:224,kernel_size:11,in_channels:3,out_channels:64,stride:4,padding:2,freeText:architecture=alexnet;layer_idx=0] (0.93% done)
[codecarbon ERROR @ 12:18:01] In RAPLFile : Current energy value (Energy(kWh=1.9599117068169998e-05)) is lower than previous value (Energy(kWh=0.07280316734054283)) ! Source file : /sys/class/powercap/intel-rapl/intel-rapl:0/energy_uj
[codecarbon ERROR @ 12:18:04] In RAPLFile : Current energy value (Energy(kWh=5.4540393910058e-05)) is lower than previous value (Energy(kWh=0.07280316734054283)) ! Source file : /sys/class/powercap/intel-rapl/intel-rapl:0/energy_uj
[codecarbon ERROR @ 12:18:07] In RAPLFile : Current energy value (Energy(kWh=8.899344119469599e-05)) is lower than previous value (Energy(kWh=0.07280316734054283)) ! Source file : /sys/class/powercap/intel-rapl/intel-rapl:0/energy_uj
[codecarbon ERROR @ 12:18:10] In RAPLFile : Current energy value (Energy(kWh=0.000123863849924334)) is lower than previous value (Energy(kWh=0.07280316734054283)) ! Source file : /sys/class/powercap/intel-rapl/intel-rapl:0/energy_uj
[codecarbon ERROR @ 12:18:13] In RAPLFile : Current energy value (Energy(kWh=0.00015824190881564797)) is lower than previous value (Energy(kWh=0.07280316734054283)) ! Source file : /sys/class/powercap/intel-rapl/intel-rapl:0/energy_uj
[codecarbon ERROR @ 12:18:16] In RAPLFile : Current energy value (Energy(kWh=0.00019314193618009197)) is lower than previous value (Energy(kWh=0.07280316734054283)) ! Source file : /sys/class/powercap/intel-rapl/intel-rapl:0/energy_uj
[codecarbon ERROR @ 12:18:19] In RAPLFile : Current energy value (Energy(kWh=0.00022779251695608996)) is lower than previous value (Energy(kWh=0.07280316734054283)) ! Source file : /sys/class/powercap/intel-rapl/intel-rapl:0/energy_uj
[codecarbon ERROR @ 12:18:22] In RAPLFile : Current energy value (Energy(kWh=0.000262202161428228)) is lower than previous value (Energy(kWh=0.07280316734054283)) ! Source file : /sys/class/powercap/intel-rapl/intel-rapl:0/energy_uj
[codecarbon ERROR @ 12:18:25] In RAPLFile : Current energy value (Energy(kWh=0.00029446176195811)) is lower than previous value (Energy(kWh=0.07280316734054283)) ! Source file : /sys/class/powercap/intel-rapl/intel-rapl:0/energy_uj
0/3 (config_no/rep_no) [batch_size:237,image_size:224,kernel_size:11,in_channels:3,out_channels:64,stride:4,padding:2,freeText:architecture=alexnet;layer_idx=0] (1.85% done)
1/1 (config_no/rep_no) [batch_size:137,image_size:27,kernel_size:5,in_channels:64,out_channels:192,stride:1,padding:2,freeText:architecture=alexnet;layer_idx=3] (2.78% done)
1/2 (config_no/rep_no) [batch_size:137,image_size:27,kernel_size:5,in_channels:64,out_channels:192,stride:1,padding:2,freeText:architecture=alexnet;layer_idx=3] (3.7% done)
1/3 (config_no/rep_no) [batch_size:137,image_size:27,kernel_size:5,in_channels:64,out_channels:192,stride:1,padding:2,freeText:architecture=alexnet;layer_idx=3] (4.63% done)
2/1 (config_no/rep_no) [batch_size:62,image_size:13,kernel_size:3,in_channels:192,out_channels:384,stride:1,padding:1,freeText:architecture=alexnet;layer_idx=6] (5.56% done)
2/2 (config_no/rep_no) [batch_size:62,image_size:13,kernel_size:3,in_channels:192,out_channels:384,stride:1,padding:1,freeText:architecture=alexnet;layer_idx=6] (6.48% done)
2/3 (config_no/rep_no) [batch_size:62,image_size:13,kernel_size:3,in_channels:192,out_channels:384,stride:1,padding:1,freeText:architecture=alexnet;layer_idx=6] (7.41% done)
3/1 (config_no/rep_no) [batch_size:236,image_size:13,kernel_size:3,in_channels:384,out_channels:256,stride:1,padding:1,freeText:architecture=alexnet;layer_idx=8] (8.33% done)
3/2 (config_no/rep_no) [batch_size:236,image_size:13,kernel_size:3,in_channels:384,out_channels:256,stride:1,padding:1,freeText:architecture=alexnet;layer_idx=8] (9.26% done)
3/3 (config_no/rep_no) [batch_size:236,image_size:13,kernel_size:3,in_channels:384,out_channels:256,stride:1,padding:1,freeText:architecture=alexnet;layer_idx=8] (10.19% done)
4/1 (config_no/rep_no) [batch_size:230,image_size:13,kernel_size:3,in_channels:256,out_channels:256,stride:1,padding:1,freeText:architecture=alexnet;layer_idx=10] (11.11% done)
4/2 (config_no/rep_no) [batch_size:230,image_size:13,kernel_size:3,in_channels:256,out_channels:256,stride:1,padding:1,freeText:architecture=alexnet;layer_idx=10] (12.04% done)
4/3 (config_no/rep_no) [batch_size:230,image_size:13,kernel_size:3,in_channels:256,out_channels:256,stride:1,padding:1,freeText:architecture=alexnet;layer_idx=10] (12.96% done)
5/1 (config_no/rep_no) [batch_size:33,image_size:224,kernel_size:3,in_channels:3,out_channels:64,stride:1,padding:1,freeText:architecture=vgg11;layer_idx=0] (13.89% done)
5/2 (config_no/rep_no) [batch_size:33,image_size:224,kernel_size:3,in_channels:3,out_channels:64,stride:1,padding:1,freeText:architecture=vgg11;layer_idx=0] (14.81% done)
5/3 (config_no/rep_no) [batch_size:33,image_size:224,kernel_size:3,in_channels:3,out_channels:64,stride:1,padding:1,freeText:architecture=vgg11;layer_idx=0] (15.74% done)
6/1 (config_no/rep_no) [batch_size:134,image_size:112,kernel_size:3,in_channels:64,out_channels:128,stride:1,padding:1,freeText:architecture=vgg11;layer_idx=3] (16.67% done)
6/2 (config_no/rep_no) [batch_size:134,image_size:112,kernel_size:3,in_channels:64,out_channels:128,stride:1,padding:1,freeText:architecture=vgg11;layer_idx=3] (17.59% done)
6/3 (config_no/rep_no) [batch_size:134,image_size:112,kernel_size:3,in_channels:64,out_channels:128,stride:1,padding:1,freeText:architecture=vgg11;layer_idx=3] (18.52% done)
7/1 (config_no/rep_no) [batch_size:132,image_size:56,kernel_size:3,in_channels:128,out_channels:256,stride:1,padding:1,freeText:architecture=vgg11;layer_idx=6] (19.44% done)
7/2 (config_no/rep_no) [batch_size:132,image_size:56,kernel_size:3,in_channels:128,out_channels:256,stride:1,padding:1,freeText:architecture=vgg11;layer_idx=6] (20.37% done)
7/3 (config_no/rep_no) [batch_size:132,image_size:56,kernel_size:3,in_channels:128,out_channels:256,stride:1,padding:1,freeText:architecture=vgg11;layer_idx=6] (21.3% done)
8/1 (config_no/rep_no) [batch_size:209,image_size:56,kernel_size:3,in_channels:256,out_channels:256,stride:1,padding:1,freeText:architecture=vgg11;layer_idx=8] (22.22% done)
8/2 (config_no/rep_no) [batch_size:209,image_size:56,kernel_size:3,in_channels:256,out_channels:256,stride:1,padding:1,freeText:architecture=vgg11;layer_idx=8] (23.15% done)
8/3 (config_no/rep_no) [batch_size:209,image_size:56,kernel_size:3,in_channels:256,out_channels:256,stride:1,padding:1,freeText:architecture=vgg11;layer_idx=8] (24.07% done)
9/1 (config_no/rep_no) [batch_size:128,image_size:28,kernel_size:3,in_channels:256,out_channels:512,stride:1,padding:1,freeText:architecture=vgg11;layer_idx=11] (25.0% done)
9/2 (config_no/rep_no) [batch_size:128,image_size:28,kernel_size:3,in_channels:256,out_channels:512,stride:1,padding:1,freeText:architecture=vgg11;layer_idx=11] (25.93% done)
9/3 (config_no/rep_no) [batch_size:128,image_size:28,kernel_size:3,in_channels:256,out_channels:512,stride:1,padding:1,freeText:architecture=vgg11;layer_idx=11] (26.85% done)
10/1 (config_no/rep_no) [batch_size:64,image_size:28,kernel_size:3,in_channels:512,out_channels:512,stride:1,padding:1,freeText:architecture=vgg11;layer_idx=13] (27.78% done)
10/2 (config_no/rep_no) [batch_size:64,image_size:28,kernel_size:3,in_channels:512,out_channels:512,stride:1,padding:1,freeText:architecture=vgg11;layer_idx=13] (28.7% done)
10/3 (config_no/rep_no) [batch_size:64,image_size:28,kernel_size:3,in_channels:512,out_channels:512,stride:1,padding:1,freeText:architecture=vgg11;layer_idx=13] (29.63% done)
11/1 (config_no/rep_no) [batch_size:149,image_size:14,kernel_size:3,in_channels:512,out_channels:512,stride:1,padding:1,freeText:architecture=vgg11;layer_idx=16] (30.56% done)
11/2 (config_no/rep_no) [batch_size:149,image_size:14,kernel_size:3,in_channels:512,out_channels:512,stride:1,padding:1,freeText:architecture=vgg11;layer_idx=16] (31.48% done)
11/3 (config_no/rep_no) [batch_size:149,image_size:14,kernel_size:3,in_channels:512,out_channels:512,stride:1,padding:1,freeText:architecture=vgg11;layer_idx=16] (32.41% done)
12/1 (config_no/rep_no) [batch_size:62,image_size:14,kernel_size:3,in_channels:512,out_channels:512,stride:1,padding:1,freeText:architecture=vgg11;layer_idx=18] (33.33% done)
12/2 (config_no/rep_no) [batch_size:62,image_size:14,kernel_size:3,in_channels:512,out_channels:512,stride:1,padding:1,freeText:architecture=vgg11;layer_idx=18] (34.26% done)
12/3 (config_no/rep_no) [batch_size:62,image_size:14,kernel_size:3,in_channels:512,out_channels:512,stride:1,padding:1,freeText:architecture=vgg11;layer_idx=18] (35.19% done)
13/1 (config_no/rep_no) [batch_size:3,image_size:224,kernel_size:3,in_channels:3,out_channels:64,stride:1,padding:1,freeText:architecture=vgg13;layer_idx=0] (36.11% done)
13/2 (config_no/rep_no) [batch_size:3,image_size:224,kernel_size:3,in_channels:3,out_channels:64,stride:1,padding:1,freeText:architecture=vgg13;layer_idx=0] (37.04% done)
13/3 (config_no/rep_no) [batch_size:3,image_size:224,kernel_size:3,in_channels:3,out_channels:64,stride:1,padding:1,freeText:architecture=vgg13;layer_idx=0] (37.96% done)
14/1 (config_no/rep_no) [batch_size:50,image_size:224,kernel_size:3,in_channels:64,out_channels:64,stride:1,padding:1,freeText:architecture=vgg13;layer_idx=2] (38.89% done)
14/2 (config_no/rep_no) [batch_size:50,image_size:224,kernel_size:3,in_channels:64,out_channels:64,stride:1,padding:1,freeText:architecture=vgg13;layer_idx=2] (39.81% done)
14/3 (config_no/rep_no) [batch_size:50,image_size:224,kernel_size:3,in_channels:64,out_channels:64,stride:1,padding:1,freeText:architecture=vgg13;layer_idx=2] (40.74% done)
15/1 (config_no/rep_no) [batch_size:42,image_size:112,kernel_size:3,in_channels:64,out_channels:128,stride:1,padding:1,freeText:architecture=vgg13;layer_idx=5] (41.67% done)
15/2 (config_no/rep_no) [batch_size:42,image_size:112,kernel_size:3,in_channels:64,out_channels:128,stride:1,padding:1,freeText:architecture=vgg13;layer_idx=5] (42.59% done)
15/3 (config_no/rep_no) [batch_size:42,image_size:112,kernel_size:3,in_channels:64,out_channels:128,stride:1,padding:1,freeText:architecture=vgg13;layer_idx=5] (43.52% done)
16/1 (config_no/rep_no) [batch_size:98,image_size:112,kernel_size:3,in_channels:128,out_channels:128,stride:1,padding:1,freeText:architecture=vgg13;layer_idx=7] (44.44% done)
16/2 (config_no/rep_no) [batch_size:98,image_size:112,kernel_size:3,in_channels:128,out_channels:128,stride:1,padding:1,freeText:architecture=vgg13;layer_idx=7] (45.37% done)
16/3 (config_no/rep_no) [batch_size:98,image_size:112,kernel_size:3,in_channels:128,out_channels:128,stride:1,padding:1,freeText:architecture=vgg13;layer_idx=7] (46.3% done)
17/1 (config_no/rep_no) [batch_size:21,image_size:56,kernel_size:3,in_channels:128,out_channels:256,stride:1,padding:1,freeText:architecture=vgg13;layer_idx=10] (47.22% done)
17/2 (config_no/rep_no) [batch_size:21,image_size:56,kernel_size:3,in_channels:128,out_channels:256,stride:1,padding:1,freeText:architecture=vgg13;layer_idx=10] (48.15% done)
17/3 (config_no/rep_no) [batch_size:21,image_size:56,kernel_size:3,in_channels:128,out_channels:256,stride:1,padding:1,freeText:architecture=vgg13;layer_idx=10] (49.07% done)
18/1 (config_no/rep_no) [batch_size:35,image_size:56,kernel_size:3,in_channels:256,out_channels:256,stride:1,padding:1,freeText:architecture=vgg13;layer_idx=12] (50.0% done)
18/2 (config_no/rep_no) [batch_size:35,image_size:56,kernel_size:3,in_channels:256,out_channels:256,stride:1,padding:1,freeText:architecture=vgg13;layer_idx=12] (50.93% done)
18/3 (config_no/rep_no) [batch_size:35,image_size:56,kernel_size:3,in_channels:256,out_channels:256,stride:1,padding:1,freeText:architecture=vgg13;layer_idx=12] (51.85% done)
19/1 (config_no/rep_no) [batch_size:182,image_size:28,kernel_size:3,in_channels:256,out_channels:512,stride:1,padding:1,freeText:architecture=vgg13;layer_idx=15] (52.78% done)
19/2 (config_no/rep_no) [batch_size:182,image_size:28,kernel_size:3,in_channels:256,out_channels:512,stride:1,padding:1,freeText:architecture=vgg13;layer_idx=15] (53.7% done)
19/3 (config_no/rep_no) [batch_size:182,image_size:28,kernel_size:3,in_channels:256,out_channels:512,stride:1,padding:1,freeText:architecture=vgg13;layer_idx=15] (54.63% done)
20/1 (config_no/rep_no) [batch_size:216,image_size:28,kernel_size:3,in_channels:512,out_channels:512,stride:1,padding:1,freeText:architecture=vgg13;layer_idx=17] (55.56% done)
20/2 (config_no/rep_no) [batch_size:216,image_size:28,kernel_size:3,in_channels:512,out_channels:512,stride:1,padding:1,freeText:architecture=vgg13;layer_idx=17] (56.48% done)
20/3 (config_no/rep_no) [batch_size:216,image_size:28,kernel_size:3,in_channels:512,out_channels:512,stride:1,padding:1,freeText:architecture=vgg13;layer_idx=17] (57.41% done)
21/1 (config_no/rep_no) [batch_size:201,image_size:14,kernel_size:3,in_channels:512,out_channels:512,stride:1,padding:1,freeText:architecture=vgg13;layer_idx=20] (58.33% done)
21/2 (config_no/rep_no) [batch_size:201,image_size:14,kernel_size:3,in_channels:512,out_channels:512,stride:1,padding:1,freeText:architecture=vgg13;layer_idx=20] (59.26% done)
21/3 (config_no/rep_no) [batch_size:201,image_size:14,kernel_size:3,in_channels:512,out_channels:512,stride:1,padding:1,freeText:architecture=vgg13;layer_idx=20] (60.19% done)
22/1 (config_no/rep_no) [batch_size:113,image_size:14,kernel_size:3,in_channels:512,out_channels:512,stride:1,padding:1,freeText:architecture=vgg13;layer_idx=22] (61.11% done)
22/2 (config_no/rep_no) [batch_size:113,image_size:14,kernel_size:3,in_channels:512,out_channels:512,stride:1,padding:1,freeText:architecture=vgg13;layer_idx=22] (62.04% done)
22/3 (config_no/rep_no) [batch_size:113,image_size:14,kernel_size:3,in_channels:512,out_channels:512,stride:1,padding:1,freeText:architecture=vgg13;layer_idx=22] (62.96% done)
23/1 (config_no/rep_no) [batch_size:86,image_size:224,kernel_size:3,in_channels:3,out_channels:64,stride:1,padding:1,freeText:architecture=vgg16;layer_idx=0] (63.89% done)
23/2 (config_no/rep_no) [batch_size:86,image_size:224,kernel_size:3,in_channels:3,out_channels:64,stride:1,padding:1,freeText:architecture=vgg16;layer_idx=0] (64.81% done)
23/3 (config_no/rep_no) [batch_size:86,image_size:224,kernel_size:3,in_channels:3,out_channels:64,stride:1,padding:1,freeText:architecture=vgg16;layer_idx=0] (65.74% done)
24/1 (config_no/rep_no) [batch_size:208,image_size:224,kernel_size:3,in_channels:64,out_channels:64,stride:1,padding:1,freeText:architecture=vgg16;layer_idx=2] (66.67% done)
24/2 (config_no/rep_no) [batch_size:208,image_size:224,kernel_size:3,in_channels:64,out_channels:64,stride:1,padding:1,freeText:architecture=vgg16;layer_idx=2] (67.59% done)
24/3 (config_no/rep_no) [batch_size:208,image_size:224,kernel_size:3,in_channels:64,out_channels:64,stride:1,padding:1,freeText:architecture=vgg16;layer_idx=2] (68.52% done)
25/1 (config_no/rep_no) [batch_size:196,image_size:112,kernel_size:3,in_channels:64,out_channels:128,stride:1,padding:1,freeText:architecture=vgg16;layer_idx=5] (69.44% done)
25/2 (config_no/rep_no) [batch_size:196,image_size:112,kernel_size:3,in_channels:64,out_channels:128,stride:1,padding:1,freeText:architecture=vgg16;layer_idx=5] (70.37% done)
25/3 (config_no/rep_no) [batch_size:196,image_size:112,kernel_size:3,in_channels:64,out_channels:128,stride:1,padding:1,freeText:architecture=vgg16;layer_idx=5] (71.3% done)
26/1 (config_no/rep_no) [batch_size:153,image_size:112,kernel_size:3,in_channels:128,out_channels:128,stride:1,padding:1,freeText:architecture=vgg16;layer_idx=7] (72.22% done)
26/2 (config_no/rep_no) [batch_size:153,image_size:112,kernel_size:3,in_channels:128,out_channels:128,stride:1,padding:1,freeText:architecture=vgg16;layer_idx=7] (73.15% done)
26/3 (config_no/rep_no) [batch_size:153,image_size:112,kernel_size:3,in_channels:128,out_channels:128,stride:1,padding:1,freeText:architecture=vgg16;layer_idx=7] (74.07% done)
27/1 (config_no/rep_no) [batch_size:223,image_size:56,kernel_size:3,in_channels:128,out_channels:256,stride:1,padding:1,freeText:architecture=vgg16;layer_idx=10] (75.0% done)
27/2 (config_no/rep_no) [batch_size:223,image_size:56,kernel_size:3,in_channels:128,out_channels:256,stride:1,padding:1,freeText:architecture=vgg16;layer_idx=10] (75.93% done)
27/3 (config_no/rep_no) [batch_size:223,image_size:56,kernel_size:3,in_channels:128,out_channels:256,stride:1,padding:1,freeText:architecture=vgg16;layer_idx=10] (76.85% done)
28/1 (config_no/rep_no) [batch_size:196,image_size:56,kernel_size:3,in_channels:256,out_channels:256,stride:1,padding:1,freeText:architecture=vgg16;layer_idx=12] (77.78% done)
28/2 (config_no/rep_no) [batch_size:196,image_size:56,kernel_size:3,in_channels:256,out_channels:256,stride:1,padding:1,freeText:architecture=vgg16;layer_idx=12] (78.7% done)
28/3 (config_no/rep_no) [batch_size:196,image_size:56,kernel_size:3,in_channels:256,out_channels:256,stride:1,padding:1,freeText:architecture=vgg16;layer_idx=12] (79.63% done)
29/1 (config_no/rep_no) [batch_size:78,image_size:56,kernel_size:3,in_channels:256,out_channels:256,stride:1,padding:1,freeText:architecture=vgg16;layer_idx=14] (80.56% done)
29/2 (config_no/rep_no) [batch_size:78,image_size:56,kernel_size:3,in_channels:256,out_channels:256,stride:1,padding:1,freeText:architecture=vgg16;layer_idx=14] (81.48% done)
29/3 (config_no/rep_no) [batch_size:78,image_size:56,kernel_size:3,in_channels:256,out_channels:256,stride:1,padding:1,freeText:architecture=vgg16;layer_idx=14] (82.41% done)
30/1 (config_no/rep_no) [batch_size:6,image_size:28,kernel_size:3,in_channels:256,out_channels:512,stride:1,padding:1,freeText:architecture=vgg16;layer_idx=17] (83.33% done)
30/2 (config_no/rep_no) [batch_size:6,image_size:28,kernel_size:3,in_channels:256,out_channels:512,stride:1,padding:1,freeText:architecture=vgg16;layer_idx=17] (84.26% done)
30/3 (config_no/rep_no) [batch_size:6,image_size:28,kernel_size:3,in_channels:256,out_channels:512,stride:1,padding:1,freeText:architecture=vgg16;layer_idx=17] (85.19% done)
31/1 (config_no/rep_no) [batch_size:75,image_size:28,kernel_size:3,in_channels:512,out_channels:512,stride:1,padding:1,freeText:architecture=vgg16;layer_idx=19] (86.11% done)
31/2 (config_no/rep_no) [batch_size:75,image_size:28,kernel_size:3,in_channels:512,out_channels:512,stride:1,padding:1,freeText:architecture=vgg16;layer_idx=19] (87.04% done)
31/3 (config_no/rep_no) [batch_size:75,image_size:28,kernel_size:3,in_channels:512,out_channels:512,stride:1,padding:1,freeText:architecture=vgg16;layer_idx=19] (87.96% done)
32/1 (config_no/rep_no) [batch_size:204,image_size:28,kernel_size:3,in_channels:512,out_channels:512,stride:1,padding:1,freeText:architecture=vgg16;layer_idx=21] (88.89% done)
32/2 (config_no/rep_no) [batch_size:204,image_size:28,kernel_size:3,in_channels:512,out_channels:512,stride:1,padding:1,freeText:architecture=vgg16;layer_idx=21] (89.81% done)
32/3 (config_no/rep_no) [batch_size:204,image_size:28,kernel_size:3,in_channels:512,out_channels:512,stride:1,padding:1,freeText:architecture=vgg16;layer_idx=21] (90.74% done)
33/1 (config_no/rep_no) [batch_size:207,image_size:14,kernel_size:3,in_channels:512,out_channels:512,stride:1,padding:1,freeText:architecture=vgg16;layer_idx=24] (91.67% done)
33/2 (config_no/rep_no) [batch_size:207,image_size:14,kernel_size:3,in_channels:512,out_channels:512,stride:1,padding:1,freeText:architecture=vgg16;layer_idx=24] (92.59% done)
33/3 (config_no/rep_no) [batch_size:207,image_size:14,kernel_size:3,in_channels:512,out_channels:512,stride:1,padding:1,freeText:architecture=vgg16;layer_idx=24] (93.52% done)
34/1 (config_no/rep_no) [batch_size:74,image_size:14,kernel_size:3,in_channels:512,out_channels:512,stride:1,padding:1,freeText:architecture=vgg16;layer_idx=26] (94.44% done)
34/2 (config_no/rep_no) [batch_size:74,image_size:14,kernel_size:3,in_channels:512,out_channels:512,stride:1,padding:1,freeText:architecture=vgg16;layer_idx=26] (95.37% done)
34/3 (config_no/rep_no) [batch_size:74,image_size:14,kernel_size:3,in_channels:512,out_channels:512,stride:1,padding:1,freeText:architecture=vgg16;layer_idx=26] (96.3% done)
35/1 (config_no/rep_no) [batch_size:216,image_size:14,kernel_size:3,in_channels:512,out_channels:512,stride:1,padding:1,freeText:architecture=vgg16;layer_idx=28] (97.22% done)
35/2 (config_no/rep_no) [batch_size:216,image_size:14,kernel_size:3,in_channels:512,out_channels:512,stride:1,padding:1,freeText:architecture=vgg16;layer_idx=28] (98.15% done)
35/3 (config_no/rep_no) [batch_size:216,image_size:14,kernel_size:3,in_channels:512,out_channels:512,stride:1,padding:1,freeText:architecture=vgg16;layer_idx=28] (99.07% done)
100.0% done