Starting data-collection for linear...
Doing architecture configs...
0/1 (config_no/rep_no) [batch_size:498,input_size:9216,output_size:4096,freeText:architecture=alexnet;layer_idx=15] (0.0% done)
0/2 (config_no/rep_no) [batch_size:498,input_size:9216,output_size:4096,freeText:architecture=alexnet;layer_idx=15] (2.78% done)
0/3 (config_no/rep_no) [batch_size:498,input_size:9216,output_size:4096,freeText:architecture=alexnet;layer_idx=15] (5.56% done)
1/1 (config_no/rep_no) [batch_size:412,input_size:4096,output_size:4096,freeText:architecture=alexnet;layer_idx=18] (8.33% done)
1/2 (config_no/rep_no) [batch_size:412,input_size:4096,output_size:4096,freeText:architecture=alexnet;layer_idx=18] (11.11% done)
1/3 (config_no/rep_no) [batch_size:412,input_size:4096,output_size:4096,freeText:architecture=alexnet;layer_idx=18] (13.89% done)
2/1 (config_no/rep_no) [batch_size:457,input_size:4096,output_size:1000,freeText:architecture=alexnet;layer_idx=20] (16.67% done)
2/2 (config_no/rep_no) [batch_size:457,input_size:4096,output_size:1000,freeText:architecture=alexnet;layer_idx=20] (19.44% done)
2/3 (config_no/rep_no) [batch_size:457,input_size:4096,output_size:1000,freeText:architecture=alexnet;layer_idx=20] (22.22% done)
3/1 (config_no/rep_no) [batch_size:130,input_size:25088,output_size:4096,freeText:architecture=vgg11;layer_idx=22] (25.0% done)
3/2 (config_no/rep_no) [batch_size:130,input_size:25088,output_size:4096,freeText:architecture=vgg11;layer_idx=22] (27.78% done)
3/3 (config_no/rep_no) [batch_size:130,input_size:25088,output_size:4096,freeText:architecture=vgg11;layer_idx=22] (30.56% done)
4/1 (config_no/rep_no) [batch_size:135,input_size:4096,output_size:4096,freeText:architecture=vgg11;layer_idx=25] (33.33% done)
4/2 (config_no/rep_no) [batch_size:135,input_size:4096,output_size:4096,freeText:architecture=vgg11;layer_idx=25] (36.11% done)
4/3 (config_no/rep_no) [batch_size:135,input_size:4096,output_size:4096,freeText:architecture=vgg11;layer_idx=25] (38.89% done)
5/1 (config_no/rep_no) [batch_size:13,input_size:4096,output_size:1000,freeText:architecture=vgg11;layer_idx=28] (41.67% done)
5/2 (config_no/rep_no) [batch_size:13,input_size:4096,output_size:1000,freeText:architecture=vgg11;layer_idx=28] (44.44% done)
5/3 (config_no/rep_no) [batch_size:13,input_size:4096,output_size:1000,freeText:architecture=vgg11;layer_idx=28] (47.22% done)
6/1 (config_no/rep_no) [batch_size:64,input_size:25088,output_size:4096,freeText:architecture=vgg13;layer_idx=26] (50.0% done)
6/2 (config_no/rep_no) [batch_size:64,input_size:25088,output_size:4096,freeText:architecture=vgg13;layer_idx=26] (52.78% done)
6/3 (config_no/rep_no) [batch_size:64,input_size:25088,output_size:4096,freeText:architecture=vgg13;layer_idx=26] (55.56% done)
7/1 (config_no/rep_no) [batch_size:101,input_size:4096,output_size:4096,freeText:architecture=vgg13;layer_idx=29] (58.33% done)
7/2 (config_no/rep_no) [batch_size:101,input_size:4096,output_size:4096,freeText:architecture=vgg13;layer_idx=29] (61.11% done)
7/3 (config_no/rep_no) [batch_size:101,input_size:4096,output_size:4096,freeText:architecture=vgg13;layer_idx=29] (63.89% done)
8/1 (config_no/rep_no) [batch_size:92,input_size:4096,output_size:1000,freeText:architecture=vgg13;layer_idx=32] (66.67% done)
8/2 (config_no/rep_no) [batch_size:92,input_size:4096,output_size:1000,freeText:architecture=vgg13;layer_idx=32] (69.44% done)
8/3 (config_no/rep_no) [batch_size:92,input_size:4096,output_size:1000,freeText:architecture=vgg13;layer_idx=32] (72.22% done)
9/1 (config_no/rep_no) [batch_size:388,input_size:25088,output_size:4096,freeText:architecture=vgg16;layer_idx=32] (75.0% done)
9/2 (config_no/rep_no) [batch_size:388,input_size:25088,output_size:4096,freeText:architecture=vgg16;layer_idx=32] (77.78% done)
9/3 (config_no/rep_no) [batch_size:388,input_size:25088,output_size:4096,freeText:architecture=vgg16;layer_idx=32] (80.56% done)
10/1 (config_no/rep_no) [batch_size:270,input_size:4096,output_size:4096,freeText:architecture=vgg16;layer_idx=35] (83.33% done)
10/2 (config_no/rep_no) [batch_size:270,input_size:4096,output_size:4096,freeText:architecture=vgg16;layer_idx=35] (86.11% done)
10/3 (config_no/rep_no) [batch_size:270,input_size:4096,output_size:4096,freeText:architecture=vgg16;layer_idx=35] (88.89% done)
11/1 (config_no/rep_no) [batch_size:476,input_size:4096,output_size:1000,freeText:architecture=vgg16;layer_idx=38] (91.67% done)
11/2 (config_no/rep_no) [batch_size:476,input_size:4096,output_size:1000,freeText:architecture=vgg16;layer_idx=38] (94.44% done)
11/3 (config_no/rep_no) [batch_size:476,input_size:4096,output_size:1000,freeText:architecture=vgg16;layer_idx=38] (97.22% done)
100.0% done