Starting data-collection for architectures...
Total number of iterations:  360
Min. runtime: 3.5h
Doing alexnet...
0/1 (config_no/rep_no) [batch_size:30,freeText:architecture=alexnet;layer_idx=0] (0.0% done)
0/2 (config_no/rep_no) [batch_size:30,freeText:architecture=alexnet;layer_idx=0] (0.0% done)
0/3 (config_no/rep_no) [batch_size:30,freeText:architecture=alexnet;layer_idx=0] (0.0% done)
1/1 (config_no/rep_no) [batch_size:214,freeText:architecture=alexnet;layer_idx=0] (0.28% done)
1/2 (config_no/rep_no) [batch_size:214,freeText:architecture=alexnet;layer_idx=0] (0.28% done)
1/3 (config_no/rep_no) [batch_size:214,freeText:architecture=alexnet;layer_idx=0] (0.28% done)
2/1 (config_no/rep_no) [batch_size:112,freeText:architecture=alexnet;layer_idx=0] (0.56% done)
2/2 (config_no/rep_no) [batch_size:112,freeText:architecture=alexnet;layer_idx=0] (0.56% done)
2/3 (config_no/rep_no) [batch_size:112,freeText:architecture=alexnet;layer_idx=0] (0.56% done)
3/1 (config_no/rep_no) [batch_size:27,freeText:architecture=alexnet;layer_idx=0] (0.83% done)
3/2 (config_no/rep_no) [batch_size:27,freeText:architecture=alexnet;layer_idx=0] (0.83% done)
3/3 (config_no/rep_no) [batch_size:27,freeText:architecture=alexnet;layer_idx=0] (0.83% done)
4/1 (config_no/rep_no) [batch_size:56,freeText:architecture=alexnet;layer_idx=0] (1.11% done)
4/2 (config_no/rep_no) [batch_size:56,freeText:architecture=alexnet;layer_idx=0] (1.11% done)
4/3 (config_no/rep_no) [batch_size:56,freeText:architecture=alexnet;layer_idx=0] (1.11% done)
5/1 (config_no/rep_no) [batch_size:13,freeText:architecture=alexnet;layer_idx=0] (1.39% done)
5/2 (config_no/rep_no) [batch_size:13,freeText:architecture=alexnet;layer_idx=0] (1.39% done)
5/3 (config_no/rep_no) [batch_size:13,freeText:architecture=alexnet;layer_idx=0] (1.39% done)
6/1 (config_no/rep_no) [batch_size:86,freeText:architecture=alexnet;layer_idx=0] (1.67% done)
6/2 (config_no/rep_no) [batch_size:86,freeText:architecture=alexnet;layer_idx=0] (1.67% done)
6/3 (config_no/rep_no) [batch_size:86,freeText:architecture=alexnet;layer_idx=0] (1.67% done)
7/1 (config_no/rep_no) [batch_size:192,freeText:architecture=alexnet;layer_idx=0] (1.94% done)
7/2 (config_no/rep_no) [batch_size:192,freeText:architecture=alexnet;layer_idx=0] (1.94% done)
7/3 (config_no/rep_no) [batch_size:192,freeText:architecture=alexnet;layer_idx=0] (1.94% done)
[codecarbon ERROR @ 22:34:08] In RAPLFile : Current energy value (Energy(kWh=2.290357110062e-06)) is lower than previous value (Energy(kWh=0.07279126238629664)) ! Source file : /sys/class/powercap/intel-rapl/intel-rapl:1/energy_uj
[codecarbon ERROR @ 22:34:11] In RAPLFile : Current energy value (Energy(kWh=3.152918022332399e-05)) is lower than previous value (Energy(kWh=0.07279126238629664)) ! Source file : /sys/class/powercap/intel-rapl/intel-rapl:1/energy_uj
[codecarbon ERROR @ 22:34:14] In RAPLFile : Current energy value (Energy(kWh=6.0647764351505995e-05)) is lower than previous value (Energy(kWh=0.07279126238629664)) ! Source file : /sys/class/powercap/intel-rapl/intel-rapl:1/energy_uj
[codecarbon ERROR @ 22:34:17] In RAPLFile : Current energy value (Energy(kWh=8.968235757916199e-05)) is lower than previous value (Energy(kWh=0.07279126238629664)) ! Source file : /sys/class/powercap/intel-rapl/intel-rapl:1/energy_uj
[codecarbon ERROR @ 22:34:19] In RAPLFile : Current energy value (Energy(kWh=0.00010959973851305399)) is lower than previous value (Energy(kWh=0.07279126238629664)) ! Source file : /sys/class/powercap/intel-rapl/intel-rapl:1/energy_uj
8/1 (config_no/rep_no) [batch_size:60,freeText:architecture=alexnet;layer_idx=0] (2.22% done)
8/2 (config_no/rep_no) [batch_size:60,freeText:architecture=alexnet;layer_idx=0] (2.22% done)
8/3 (config_no/rep_no) [batch_size:60,freeText:architecture=alexnet;layer_idx=0] (2.22% done)
9/1 (config_no/rep_no) [batch_size:41,freeText:architecture=alexnet;layer_idx=0] (2.5% done)
9/2 (config_no/rep_no) [batch_size:41,freeText:architecture=alexnet;layer_idx=0] (2.5% done)
9/3 (config_no/rep_no) [batch_size:41,freeText:architecture=alexnet;layer_idx=0] (2.5% done)
10/1 (config_no/rep_no) [batch_size:250,freeText:architecture=alexnet;layer_idx=0] (2.78% done)
10/2 (config_no/rep_no) [batch_size:250,freeText:architecture=alexnet;layer_idx=0] (2.78% done)
10/3 (config_no/rep_no) [batch_size:250,freeText:architecture=alexnet;layer_idx=0] (2.78% done)
11/1 (config_no/rep_no) [batch_size:109,freeText:architecture=alexnet;layer_idx=0] (3.06% done)
11/2 (config_no/rep_no) [batch_size:109,freeText:architecture=alexnet;layer_idx=0] (3.06% done)
11/3 (config_no/rep_no) [batch_size:109,freeText:architecture=alexnet;layer_idx=0] (3.06% done)
12/1 (config_no/rep_no) [batch_size:84,freeText:architecture=alexnet;layer_idx=0] (3.33% done)
12/2 (config_no/rep_no) [batch_size:84,freeText:architecture=alexnet;layer_idx=0] (3.33% done)
12/3 (config_no/rep_no) [batch_size:84,freeText:architecture=alexnet;layer_idx=0] (3.33% done)
13/1 (config_no/rep_no) [batch_size:228,freeText:architecture=alexnet;layer_idx=0] (3.61% done)
13/2 (config_no/rep_no) [batch_size:228,freeText:architecture=alexnet;layer_idx=0] (3.61% done)
13/3 (config_no/rep_no) [batch_size:228,freeText:architecture=alexnet;layer_idx=0] (3.61% done)
14/1 (config_no/rep_no) [batch_size:15,freeText:architecture=alexnet;layer_idx=0] (3.89% done)
14/2 (config_no/rep_no) [batch_size:15,freeText:architecture=alexnet;layer_idx=0] (3.89% done)
14/3 (config_no/rep_no) [batch_size:15,freeText:architecture=alexnet;layer_idx=0] (3.89% done)
15/1 (config_no/rep_no) [batch_size:13,freeText:architecture=alexnet;layer_idx=0] (4.17% done)
15/2 (config_no/rep_no) [batch_size:13,freeText:architecture=alexnet;layer_idx=0] (4.17% done)
15/3 (config_no/rep_no) [batch_size:13,freeText:architecture=alexnet;layer_idx=0] (4.17% done)
16/1 (config_no/rep_no) [batch_size:17,freeText:architecture=alexnet;layer_idx=0] (4.44% done)
16/2 (config_no/rep_no) [batch_size:17,freeText:architecture=alexnet;layer_idx=0] (4.44% done)
16/3 (config_no/rep_no) [batch_size:17,freeText:architecture=alexnet;layer_idx=0] (4.44% done)
17/1 (config_no/rep_no) [batch_size:63,freeText:architecture=alexnet;layer_idx=0] (4.72% done)
17/2 (config_no/rep_no) [batch_size:63,freeText:architecture=alexnet;layer_idx=0] (4.72% done)
17/3 (config_no/rep_no) [batch_size:63,freeText:architecture=alexnet;layer_idx=0] (4.72% done)
18/1 (config_no/rep_no) [batch_size:119,freeText:architecture=alexnet;layer_idx=0] (5.0% done)
18/2 (config_no/rep_no) [batch_size:119,freeText:architecture=alexnet;layer_idx=0] (5.0% done)
18/3 (config_no/rep_no) [batch_size:119,freeText:architecture=alexnet;layer_idx=0] (5.0% done)
19/1 (config_no/rep_no) [batch_size:213,freeText:architecture=alexnet;layer_idx=0] (5.28% done)
19/2 (config_no/rep_no) [batch_size:213,freeText:architecture=alexnet;layer_idx=0] (5.28% done)
19/3 (config_no/rep_no) [batch_size:213,freeText:architecture=alexnet;layer_idx=0] (5.28% done)
20/1 (config_no/rep_no) [batch_size:71,freeText:architecture=alexnet;layer_idx=0] (5.56% done)
20/2 (config_no/rep_no) [batch_size:71,freeText:architecture=alexnet;layer_idx=0] (5.56% done)
20/3 (config_no/rep_no) [batch_size:71,freeText:architecture=alexnet;layer_idx=0] (5.56% done)
21/1 (config_no/rep_no) [batch_size:85,freeText:architecture=alexnet;layer_idx=0] (5.83% done)
21/2 (config_no/rep_no) [batch_size:85,freeText:architecture=alexnet;layer_idx=0] (5.83% done)
21/3 (config_no/rep_no) [batch_size:85,freeText:architecture=alexnet;layer_idx=0] (5.83% done)
22/1 (config_no/rep_no) [batch_size:100,freeText:architecture=alexnet;layer_idx=0] (6.11% done)
22/2 (config_no/rep_no) [batch_size:100,freeText:architecture=alexnet;layer_idx=0] (6.11% done)
22/3 (config_no/rep_no) [batch_size:100,freeText:architecture=alexnet;layer_idx=0] (6.11% done)
23/1 (config_no/rep_no) [batch_size:15,freeText:architecture=alexnet;layer_idx=0] (6.39% done)
23/2 (config_no/rep_no) [batch_size:15,freeText:architecture=alexnet;layer_idx=0] (6.39% done)
23/3 (config_no/rep_no) [batch_size:15,freeText:architecture=alexnet;layer_idx=0] (6.39% done)
24/1 (config_no/rep_no) [batch_size:67,freeText:architecture=alexnet;layer_idx=0] (6.67% done)
24/2 (config_no/rep_no) [batch_size:67,freeText:architecture=alexnet;layer_idx=0] (6.67% done)
24/3 (config_no/rep_no) [batch_size:67,freeText:architecture=alexnet;layer_idx=0] (6.67% done)
25/1 (config_no/rep_no) [batch_size:72,freeText:architecture=alexnet;layer_idx=0] (6.94% done)
25/2 (config_no/rep_no) [batch_size:72,freeText:architecture=alexnet;layer_idx=0] (6.94% done)
25/3 (config_no/rep_no) [batch_size:72,freeText:architecture=alexnet;layer_idx=0] (6.94% done)
26/1 (config_no/rep_no) [batch_size:236,freeText:architecture=alexnet;layer_idx=0] (7.22% done)
26/2 (config_no/rep_no) [batch_size:236,freeText:architecture=alexnet;layer_idx=0] (7.22% done)
26/3 (config_no/rep_no) [batch_size:236,freeText:architecture=alexnet;layer_idx=0] (7.22% done)
27/1 (config_no/rep_no) [batch_size:93,freeText:architecture=alexnet;layer_idx=0] (7.5% done)
27/2 (config_no/rep_no) [batch_size:93,freeText:architecture=alexnet;layer_idx=0] (7.5% done)
27/3 (config_no/rep_no) [batch_size:93,freeText:architecture=alexnet;layer_idx=0] (7.5% done)
28/1 (config_no/rep_no) [batch_size:65,freeText:architecture=alexnet;layer_idx=0] (7.78% done)
28/2 (config_no/rep_no) [batch_size:65,freeText:architecture=alexnet;layer_idx=0] (7.78% done)
28/3 (config_no/rep_no) [batch_size:65,freeText:architecture=alexnet;layer_idx=0] (7.78% done)
29/1 (config_no/rep_no) [batch_size:74,freeText:architecture=alexnet;layer_idx=0] (8.06% done)
29/2 (config_no/rep_no) [batch_size:74,freeText:architecture=alexnet;layer_idx=0] (8.06% done)
29/3 (config_no/rep_no) [batch_size:74,freeText:architecture=alexnet;layer_idx=0] (8.06% done)
Doing vgg11...
30/1 (config_no/rep_no) [batch_size:64,freeText:architecture=vgg11;layer_idx=0] (8.33% done)
30/2 (config_no/rep_no) [batch_size:64,freeText:architecture=vgg11;layer_idx=0] (8.33% done)
30/3 (config_no/rep_no) [batch_size:64,freeText:architecture=vgg11;layer_idx=0] (8.33% done)
31/1 (config_no/rep_no) [batch_size:34,freeText:architecture=vgg11;layer_idx=0] (8.61% done)
31/2 (config_no/rep_no) [batch_size:34,freeText:architecture=vgg11;layer_idx=0] (8.61% done)
31/3 (config_no/rep_no) [batch_size:34,freeText:architecture=vgg11;layer_idx=0] (8.61% done)
32/1 (config_no/rep_no) [batch_size:12,freeText:architecture=vgg11;layer_idx=0] (8.89% done)
32/2 (config_no/rep_no) [batch_size:12,freeText:architecture=vgg11;layer_idx=0] (8.89% done)
32/3 (config_no/rep_no) [batch_size:12,freeText:architecture=vgg11;layer_idx=0] (8.89% done)
33/1 (config_no/rep_no) [batch_size:43,freeText:architecture=vgg11;layer_idx=0] (9.17% done)
33/2 (config_no/rep_no) [batch_size:43,freeText:architecture=vgg11;layer_idx=0] (9.17% done)
33/3 (config_no/rep_no) [batch_size:43,freeText:architecture=vgg11;layer_idx=0] (9.17% done)
34/1 (config_no/rep_no) [batch_size:114,freeText:architecture=vgg11;layer_idx=0] (9.44% done)
34/2 (config_no/rep_no) [batch_size:114,freeText:architecture=vgg11;layer_idx=0] (9.44% done)
34/3 (config_no/rep_no) [batch_size:114,freeText:architecture=vgg11;layer_idx=0] (9.44% done)
35/1 (config_no/rep_no) [batch_size:210,freeText:architecture=vgg11;layer_idx=0] (9.72% done)
35/2 (config_no/rep_no) [batch_size:210,freeText:architecture=vgg11;layer_idx=0] (9.72% done)
35/3 (config_no/rep_no) [batch_size:210,freeText:architecture=vgg11;layer_idx=0] (9.72% done)
36/1 (config_no/rep_no) [batch_size:136,freeText:architecture=vgg11;layer_idx=0] (10.0% done)
36/2 (config_no/rep_no) [batch_size:136,freeText:architecture=vgg11;layer_idx=0] (10.0% done)
36/3 (config_no/rep_no) [batch_size:136,freeText:architecture=vgg11;layer_idx=0] (10.0% done)
37/1 (config_no/rep_no) [batch_size:41,freeText:architecture=vgg11;layer_idx=0] (10.28% done)
37/2 (config_no/rep_no) [batch_size:41,freeText:architecture=vgg11;layer_idx=0] (10.28% done)
37/3 (config_no/rep_no) [batch_size:41,freeText:architecture=vgg11;layer_idx=0] (10.28% done)
38/1 (config_no/rep_no) [batch_size:133,freeText:architecture=vgg11;layer_idx=0] (10.56% done)
38/2 (config_no/rep_no) [batch_size:133,freeText:architecture=vgg11;layer_idx=0] (10.56% done)
38/3 (config_no/rep_no) [batch_size:133,freeText:architecture=vgg11;layer_idx=0] (10.56% done)
39/1 (config_no/rep_no) [batch_size:134,freeText:architecture=vgg11;layer_idx=0] (10.83% done)
39/2 (config_no/rep_no) [batch_size:134,freeText:architecture=vgg11;layer_idx=0] (10.83% done)
39/3 (config_no/rep_no) [batch_size:134,freeText:architecture=vgg11;layer_idx=0] (10.83% done)
40/1 (config_no/rep_no) [batch_size:32,freeText:architecture=vgg11;layer_idx=0] (11.11% done)
40/2 (config_no/rep_no) [batch_size:32,freeText:architecture=vgg11;layer_idx=0] (11.11% done)
40/3 (config_no/rep_no) [batch_size:32,freeText:architecture=vgg11;layer_idx=0] (11.11% done)
41/1 (config_no/rep_no) [batch_size:176,freeText:architecture=vgg11;layer_idx=0] (11.39% done)
41/2 (config_no/rep_no) [batch_size:176,freeText:architecture=vgg11;layer_idx=0] (11.39% done)
41/3 (config_no/rep_no) [batch_size:176,freeText:architecture=vgg11;layer_idx=0] (11.39% done)
42/1 (config_no/rep_no) [batch_size:31,freeText:architecture=vgg11;layer_idx=0] (11.67% done)
42/2 (config_no/rep_no) [batch_size:31,freeText:architecture=vgg11;layer_idx=0] (11.67% done)
42/3 (config_no/rep_no) [batch_size:31,freeText:architecture=vgg11;layer_idx=0] (11.67% done)
43/1 (config_no/rep_no) [batch_size:250,freeText:architecture=vgg11;layer_idx=0] (11.94% done)
43/2 (config_no/rep_no) [batch_size:250,freeText:architecture=vgg11;layer_idx=0] (11.94% done)
43/3 (config_no/rep_no) [batch_size:250,freeText:architecture=vgg11;layer_idx=0] (11.94% done)
44/1 (config_no/rep_no) [batch_size:13,freeText:architecture=vgg11;layer_idx=0] (12.22% done)
44/2 (config_no/rep_no) [batch_size:13,freeText:architecture=vgg11;layer_idx=0] (12.22% done)
44/3 (config_no/rep_no) [batch_size:13,freeText:architecture=vgg11;layer_idx=0] (12.22% done)
45/1 (config_no/rep_no) [batch_size:243,freeText:architecture=vgg11;layer_idx=0] (12.5% done)
45/2 (config_no/rep_no) [batch_size:243,freeText:architecture=vgg11;layer_idx=0] (12.5% done)
45/3 (config_no/rep_no) [batch_size:243,freeText:architecture=vgg11;layer_idx=0] (12.5% done)
46/1 (config_no/rep_no) [batch_size:57,freeText:architecture=vgg11;layer_idx=0] (12.78% done)
46/2 (config_no/rep_no) [batch_size:57,freeText:architecture=vgg11;layer_idx=0] (12.78% done)
46/3 (config_no/rep_no) [batch_size:57,freeText:architecture=vgg11;layer_idx=0] (12.78% done)
47/1 (config_no/rep_no) [batch_size:126,freeText:architecture=vgg11;layer_idx=0] (13.06% done)
47/2 (config_no/rep_no) [batch_size:126,freeText:architecture=vgg11;layer_idx=0] (13.06% done)
47/3 (config_no/rep_no) [batch_size:126,freeText:architecture=vgg11;layer_idx=0] (13.06% done)
48/1 (config_no/rep_no) [batch_size:223,freeText:architecture=vgg11;layer_idx=0] (13.33% done)
48/2 (config_no/rep_no) [batch_size:223,freeText:architecture=vgg11;layer_idx=0] (13.33% done)
48/3 (config_no/rep_no) [batch_size:223,freeText:architecture=vgg11;layer_idx=0] (13.33% done)
49/1 (config_no/rep_no) [batch_size:138,freeText:architecture=vgg11;layer_idx=0] (13.61% done)
49/2 (config_no/rep_no) [batch_size:138,freeText:architecture=vgg11;layer_idx=0] (13.61% done)
49/3 (config_no/rep_no) [batch_size:138,freeText:architecture=vgg11;layer_idx=0] (13.61% done)
50/1 (config_no/rep_no) [batch_size:65,freeText:architecture=vgg11;layer_idx=0] (13.89% done)
50/2 (config_no/rep_no) [batch_size:65,freeText:architecture=vgg11;layer_idx=0] (13.89% done)
50/3 (config_no/rep_no) [batch_size:65,freeText:architecture=vgg11;layer_idx=0] (13.89% done)
51/1 (config_no/rep_no) [batch_size:216,freeText:architecture=vgg11;layer_idx=0] (14.17% done)
51/2 (config_no/rep_no) [batch_size:216,freeText:architecture=vgg11;layer_idx=0] (14.17% done)
[codecarbon ERROR @ 00:02:10] In RAPLFile : Current energy value (Energy(kWh=2.835264490432e-05)) is lower than previous value (Energy(kWh=0.07281173272795069)) ! Source file : /sys/class/powercap/intel-rapl/intel-rapl:0/energy_uj
[codecarbon ERROR @ 00:02:13] In RAPLFile : Current energy value (Energy(kWh=6.265793679297599e-05)) is lower than previous value (Energy(kWh=0.07281173272795069)) ! Source file : /sys/class/powercap/intel-rapl/intel-rapl:0/energy_uj
[codecarbon ERROR @ 00:02:16] In RAPLFile : Current energy value (Energy(kWh=9.705540819981999e-05)) is lower than previous value (Energy(kWh=0.07281173272795069)) ! Source file : /sys/class/powercap/intel-rapl/intel-rapl:0/energy_uj
[codecarbon ERROR @ 00:02:19] In RAPLFile : Current energy value (Energy(kWh=0.000131674895062054)) is lower than previous value (Energy(kWh=0.07281173272795069)) ! Source file : /sys/class/powercap/intel-rapl/intel-rapl:0/energy_uj
[codecarbon ERROR @ 00:02:22] In RAPLFile : Current energy value (Energy(kWh=0.00016572980730596197)) is lower than previous value (Energy(kWh=0.07281173272795069)) ! Source file : /sys/class/powercap/intel-rapl/intel-rapl:0/energy_uj
[codecarbon ERROR @ 00:02:25] In RAPLFile : Current energy value (Energy(kWh=0.00019997686137024999)) is lower than previous value (Energy(kWh=0.07281173272795069)) ! Source file : /sys/class/powercap/intel-rapl/intel-rapl:0/energy_uj
[codecarbon ERROR @ 00:02:28] In RAPLFile : Current energy value (Energy(kWh=0.00023423178238527598)) is lower than previous value (Energy(kWh=0.07281173272795069)) ! Source file : /sys/class/powercap/intel-rapl/intel-rapl:0/energy_uj
[codecarbon ERROR @ 00:02:31] In RAPLFile : Current energy value (Energy(kWh=0.00026854911150578397)) is lower than previous value (Energy(kWh=0.07281173272795069)) ! Source file : /sys/class/powercap/intel-rapl/intel-rapl:0/energy_uj
[codecarbon ERROR @ 00:02:34] In RAPLFile : Current energy value (Energy(kWh=0.000302740589692278)) is lower than previous value (Energy(kWh=0.07281173272795069)) ! Source file : /sys/class/powercap/intel-rapl/intel-rapl:0/energy_uj
[codecarbon ERROR @ 00:02:37] In RAPLFile : Current energy value (Energy(kWh=0.00033676088190849)) is lower than previous value (Energy(kWh=0.07281173272795069)) ! Source file : /sys/class/powercap/intel-rapl/intel-rapl:0/energy_uj
[codecarbon ERROR @ 00:02:40] In RAPLFile : Current energy value (Energy(kWh=0.000371371145430012)) is lower than previous value (Energy(kWh=0.07281173272795069)) ! Source file : /sys/class/powercap/intel-rapl/intel-rapl:0/energy_uj
[codecarbon ERROR @ 00:02:43] In RAPLFile : Current energy value (Energy(kWh=0.00040541537655426396)) is lower than previous value (Energy(kWh=0.07281173272795069)) ! Source file : /sys/class/powercap/intel-rapl/intel-rapl:0/energy_uj
[codecarbon ERROR @ 00:02:44] In RAPLFile : Current energy value (Energy(kWh=0.00041999492044011196)) is lower than previous value (Energy(kWh=0.07281173272795069)) ! Source file : /sys/class/powercap/intel-rapl/intel-rapl:0/energy_uj
51/3 (config_no/rep_no) [batch_size:216,freeText:architecture=vgg11;layer_idx=0] (14.17% done)
52/1 (config_no/rep_no) [batch_size:164,freeText:architecture=vgg11;layer_idx=0] (14.44% done)
52/2 (config_no/rep_no) [batch_size:164,freeText:architecture=vgg11;layer_idx=0] (14.44% done)
52/3 (config_no/rep_no) [batch_size:164,freeText:architecture=vgg11;layer_idx=0] (14.44% done)
53/1 (config_no/rep_no) [batch_size:120,freeText:architecture=vgg11;layer_idx=0] (14.72% done)
53/2 (config_no/rep_no) [batch_size:120,freeText:architecture=vgg11;layer_idx=0] (14.72% done)
53/3 (config_no/rep_no) [batch_size:120,freeText:architecture=vgg11;layer_idx=0] (14.72% done)
54/1 (config_no/rep_no) [batch_size:169,freeText:architecture=vgg11;layer_idx=0] (15.0% done)
54/2 (config_no/rep_no) [batch_size:169,freeText:architecture=vgg11;layer_idx=0] (15.0% done)
54/3 (config_no/rep_no) [batch_size:169,freeText:architecture=vgg11;layer_idx=0] (15.0% done)
55/1 (config_no/rep_no) [batch_size:6,freeText:architecture=vgg11;layer_idx=0] (15.28% done)
55/2 (config_no/rep_no) [batch_size:6,freeText:architecture=vgg11;layer_idx=0] (15.28% done)
55/3 (config_no/rep_no) [batch_size:6,freeText:architecture=vgg11;layer_idx=0] (15.28% done)
56/1 (config_no/rep_no) [batch_size:246,freeText:architecture=vgg11;layer_idx=0] (15.56% done)
56/2 (config_no/rep_no) [batch_size:246,freeText:architecture=vgg11;layer_idx=0] (15.56% done)
56/3 (config_no/rep_no) [batch_size:246,freeText:architecture=vgg11;layer_idx=0] (15.56% done)
57/1 (config_no/rep_no) [batch_size:70,freeText:architecture=vgg11;layer_idx=0] (15.83% done)
57/2 (config_no/rep_no) [batch_size:70,freeText:architecture=vgg11;layer_idx=0] (15.83% done)
57/3 (config_no/rep_no) [batch_size:70,freeText:architecture=vgg11;layer_idx=0] (15.83% done)
58/1 (config_no/rep_no) [batch_size:169,freeText:architecture=vgg11;layer_idx=0] (16.11% done)
58/2 (config_no/rep_no) [batch_size:169,freeText:architecture=vgg11;layer_idx=0] (16.11% done)
58/3 (config_no/rep_no) [batch_size:169,freeText:architecture=vgg11;layer_idx=0] (16.11% done)
59/1 (config_no/rep_no) [batch_size:78,freeText:architecture=vgg11;layer_idx=0] (16.39% done)
59/2 (config_no/rep_no) [batch_size:78,freeText:architecture=vgg11;layer_idx=0] (16.39% done)
59/3 (config_no/rep_no) [batch_size:78,freeText:architecture=vgg11;layer_idx=0] (16.39% done)
Doing vgg13...
60/1 (config_no/rep_no) [batch_size:7,freeText:architecture=vgg13;layer_idx=0] (16.67% done)
60/2 (config_no/rep_no) [batch_size:7,freeText:architecture=vgg13;layer_idx=0] (16.67% done)
60/3 (config_no/rep_no) [batch_size:7,freeText:architecture=vgg13;layer_idx=0] (16.67% done)
61/1 (config_no/rep_no) [batch_size:254,freeText:architecture=vgg13;layer_idx=0] (16.94% done)
61/2 (config_no/rep_no) [batch_size:254,freeText:architecture=vgg13;layer_idx=0] (16.94% done)
61/3 (config_no/rep_no) [batch_size:254,freeText:architecture=vgg13;layer_idx=0] (16.94% done)
62/1 (config_no/rep_no) [batch_size:221,freeText:architecture=vgg13;layer_idx=0] (17.22% done)
62/2 (config_no/rep_no) [batch_size:221,freeText:architecture=vgg13;layer_idx=0] (17.22% done)
62/3 (config_no/rep_no) [batch_size:221,freeText:architecture=vgg13;layer_idx=0] (17.22% done)
63/1 (config_no/rep_no) [batch_size:13,freeText:architecture=vgg13;layer_idx=0] (17.5% done)
63/2 (config_no/rep_no) [batch_size:13,freeText:architecture=vgg13;layer_idx=0] (17.5% done)
63/3 (config_no/rep_no) [batch_size:13,freeText:architecture=vgg13;layer_idx=0] (17.5% done)
64/1 (config_no/rep_no) [batch_size:130,freeText:architecture=vgg13;layer_idx=0] (17.78% done)
64/2 (config_no/rep_no) [batch_size:130,freeText:architecture=vgg13;layer_idx=0] (17.78% done)
64/3 (config_no/rep_no) [batch_size:130,freeText:architecture=vgg13;layer_idx=0] (17.78% done)
65/1 (config_no/rep_no) [batch_size:48,freeText:architecture=vgg13;layer_idx=0] (18.06% done)
65/2 (config_no/rep_no) [batch_size:48,freeText:architecture=vgg13;layer_idx=0] (18.06% done)
65/3 (config_no/rep_no) [batch_size:48,freeText:architecture=vgg13;layer_idx=0] (18.06% done)
66/1 (config_no/rep_no) [batch_size:249,freeText:architecture=vgg13;layer_idx=0] (18.33% done)
66/2 (config_no/rep_no) [batch_size:249,freeText:architecture=vgg13;layer_idx=0] (18.33% done)
66/3 (config_no/rep_no) [batch_size:249,freeText:architecture=vgg13;layer_idx=0] (18.33% done)
67/1 (config_no/rep_no) [batch_size:33,freeText:architecture=vgg13;layer_idx=0] (18.61% done)
67/2 (config_no/rep_no) [batch_size:33,freeText:architecture=vgg13;layer_idx=0] (18.61% done)
67/3 (config_no/rep_no) [batch_size:33,freeText:architecture=vgg13;layer_idx=0] (18.61% done)
68/1 (config_no/rep_no) [batch_size:139,freeText:architecture=vgg13;layer_idx=0] (18.89% done)
[codecarbon ERROR @ 00:45:34] In RAPLFile : Current energy value (Energy(kWh=7.06653620878e-06)) is lower than previous value (Energy(kWh=0.07279586205553194)) ! Source file : /sys/class/powercap/intel-rapl/intel-rapl:1/energy_uj
[codecarbon ERROR @ 00:45:37] In RAPLFile : Current energy value (Energy(kWh=3.5993792406122e-05)) is lower than previous value (Energy(kWh=0.07279586205553194)) ! Source file : /sys/class/powercap/intel-rapl/intel-rapl:1/energy_uj
[codecarbon ERROR @ 00:45:40] In RAPLFile : Current energy value (Energy(kWh=6.4960500857248e-05)) is lower than previous value (Energy(kWh=0.07279586205553194)) ! Source file : /sys/class/powercap/intel-rapl/intel-rapl:1/energy_uj
[codecarbon ERROR @ 00:45:43] In RAPLFile : Current energy value (Energy(kWh=9.3874278432696e-05)) is lower than previous value (Energy(kWh=0.07279586205553194)) ! Source file : /sys/class/powercap/intel-rapl/intel-rapl:1/energy_uj
[codecarbon ERROR @ 00:45:46] In RAPLFile : Current energy value (Energy(kWh=0.000122911736940422)) is lower than previous value (Energy(kWh=0.07279586205553194)) ! Source file : /sys/class/powercap/intel-rapl/intel-rapl:1/energy_uj
[codecarbon ERROR @ 00:45:49] In RAPLFile : Current energy value (Energy(kWh=0.000149205534364332)) is lower than previous value (Energy(kWh=0.07279586205553194)) ! Source file : /sys/class/powercap/intel-rapl/intel-rapl:1/energy_uj
68/2 (config_no/rep_no) [batch_size:139,freeText:architecture=vgg13;layer_idx=0] (18.89% done)
68/3 (config_no/rep_no) [batch_size:139,freeText:architecture=vgg13;layer_idx=0] (18.89% done)
69/1 (config_no/rep_no) [batch_size:19,freeText:architecture=vgg13;layer_idx=0] (19.17% done)
69/2 (config_no/rep_no) [batch_size:19,freeText:architecture=vgg13;layer_idx=0] (19.17% done)
69/3 (config_no/rep_no) [batch_size:19,freeText:architecture=vgg13;layer_idx=0] (19.17% done)
70/1 (config_no/rep_no) [batch_size:151,freeText:architecture=vgg13;layer_idx=0] (19.44% done)
70/2 (config_no/rep_no) [batch_size:151,freeText:architecture=vgg13;layer_idx=0] (19.44% done)
70/3 (config_no/rep_no) [batch_size:151,freeText:architecture=vgg13;layer_idx=0] (19.44% done)
71/1 (config_no/rep_no) [batch_size:135,freeText:architecture=vgg13;layer_idx=0] (19.72% done)
71/2 (config_no/rep_no) [batch_size:135,freeText:architecture=vgg13;layer_idx=0] (19.72% done)
71/3 (config_no/rep_no) [batch_size:135,freeText:architecture=vgg13;layer_idx=0] (19.72% done)
72/1 (config_no/rep_no) [batch_size:60,freeText:architecture=vgg13;layer_idx=0] (20.0% done)
72/2 (config_no/rep_no) [batch_size:60,freeText:architecture=vgg13;layer_idx=0] (20.0% done)
72/3 (config_no/rep_no) [batch_size:60,freeText:architecture=vgg13;layer_idx=0] (20.0% done)
73/1 (config_no/rep_no) [batch_size:4,freeText:architecture=vgg13;layer_idx=0] (20.28% done)
73/2 (config_no/rep_no) [batch_size:4,freeText:architecture=vgg13;layer_idx=0] (20.28% done)
73/3 (config_no/rep_no) [batch_size:4,freeText:architecture=vgg13;layer_idx=0] (20.28% done)
74/1 (config_no/rep_no) [batch_size:68,freeText:architecture=vgg13;layer_idx=0] (20.56% done)
74/2 (config_no/rep_no) [batch_size:68,freeText:architecture=vgg13;layer_idx=0] (20.56% done)
74/3 (config_no/rep_no) [batch_size:68,freeText:architecture=vgg13;layer_idx=0] (20.56% done)
75/1 (config_no/rep_no) [batch_size:56,freeText:architecture=vgg13;layer_idx=0] (20.83% done)
75/2 (config_no/rep_no) [batch_size:56,freeText:architecture=vgg13;layer_idx=0] (20.83% done)
75/3 (config_no/rep_no) [batch_size:56,freeText:architecture=vgg13;layer_idx=0] (20.83% done)
76/1 (config_no/rep_no) [batch_size:61,freeText:architecture=vgg13;layer_idx=0] (21.11% done)
76/2 (config_no/rep_no) [batch_size:61,freeText:architecture=vgg13;layer_idx=0] (21.11% done)
76/3 (config_no/rep_no) [batch_size:61,freeText:architecture=vgg13;layer_idx=0] (21.11% done)
77/1 (config_no/rep_no) [batch_size:227,freeText:architecture=vgg13;layer_idx=0] (21.39% done)
77/2 (config_no/rep_no) [batch_size:227,freeText:architecture=vgg13;layer_idx=0] (21.39% done)
77/3 (config_no/rep_no) [batch_size:227,freeText:architecture=vgg13;layer_idx=0] (21.39% done)
78/1 (config_no/rep_no) [batch_size:169,freeText:architecture=vgg13;layer_idx=0] (21.67% done)
78/2 (config_no/rep_no) [batch_size:169,freeText:architecture=vgg13;layer_idx=0] (21.67% done)
78/3 (config_no/rep_no) [batch_size:169,freeText:architecture=vgg13;layer_idx=0] (21.67% done)
79/1 (config_no/rep_no) [batch_size:58,freeText:architecture=vgg13;layer_idx=0] (21.94% done)
79/2 (config_no/rep_no) [batch_size:58,freeText:architecture=vgg13;layer_idx=0] (21.94% done)
79/3 (config_no/rep_no) [batch_size:58,freeText:architecture=vgg13;layer_idx=0] (21.94% done)
80/1 (config_no/rep_no) [batch_size:37,freeText:architecture=vgg13;layer_idx=0] (22.22% done)
80/2 (config_no/rep_no) [batch_size:37,freeText:architecture=vgg13;layer_idx=0] (22.22% done)
80/3 (config_no/rep_no) [batch_size:37,freeText:architecture=vgg13;layer_idx=0] (22.22% done)
81/1 (config_no/rep_no) [batch_size:72,freeText:architecture=vgg13;layer_idx=0] (22.5% done)
81/2 (config_no/rep_no) [batch_size:72,freeText:architecture=vgg13;layer_idx=0] (22.5% done)
81/3 (config_no/rep_no) [batch_size:72,freeText:architecture=vgg13;layer_idx=0] (22.5% done)
82/1 (config_no/rep_no) [batch_size:36,freeText:architecture=vgg13;layer_idx=0] (22.78% done)
82/2 (config_no/rep_no) [batch_size:36,freeText:architecture=vgg13;layer_idx=0] (22.78% done)
82/3 (config_no/rep_no) [batch_size:36,freeText:architecture=vgg13;layer_idx=0] (22.78% done)
83/1 (config_no/rep_no) [batch_size:7,freeText:architecture=vgg13;layer_idx=0] (23.06% done)
83/2 (config_no/rep_no) [batch_size:7,freeText:architecture=vgg13;layer_idx=0] (23.06% done)
83/3 (config_no/rep_no) [batch_size:7,freeText:architecture=vgg13;layer_idx=0] (23.06% done)
84/1 (config_no/rep_no) [batch_size:46,freeText:architecture=vgg13;layer_idx=0] (23.33% done)
84/2 (config_no/rep_no) [batch_size:46,freeText:architecture=vgg13;layer_idx=0] (23.33% done)
84/3 (config_no/rep_no) [batch_size:46,freeText:architecture=vgg13;layer_idx=0] (23.33% done)
85/1 (config_no/rep_no) [batch_size:246,freeText:architecture=vgg13;layer_idx=0] (23.61% done)
85/2 (config_no/rep_no) [batch_size:246,freeText:architecture=vgg13;layer_idx=0] (23.61% done)
85/3 (config_no/rep_no) [batch_size:246,freeText:architecture=vgg13;layer_idx=0] (23.61% done)
86/1 (config_no/rep_no) [batch_size:1,freeText:architecture=vgg13;layer_idx=0] (23.89% done)
86/2 (config_no/rep_no) [batch_size:1,freeText:architecture=vgg13;layer_idx=0] (23.89% done)
86/3 (config_no/rep_no) [batch_size:1,freeText:architecture=vgg13;layer_idx=0] (23.89% done)
87/1 (config_no/rep_no) [batch_size:256,freeText:architecture=vgg13;layer_idx=0] (24.17% done)
87/2 (config_no/rep_no) [batch_size:256,freeText:architecture=vgg13;layer_idx=0] (24.17% done)
87/3 (config_no/rep_no) [batch_size:256,freeText:architecture=vgg13;layer_idx=0] (24.17% done)
88/1 (config_no/rep_no) [batch_size:77,freeText:architecture=vgg13;layer_idx=0] (24.44% done)
88/2 (config_no/rep_no) [batch_size:77,freeText:architecture=vgg13;layer_idx=0] (24.44% done)
88/3 (config_no/rep_no) [batch_size:77,freeText:architecture=vgg13;layer_idx=0] (24.44% done)
89/1 (config_no/rep_no) [batch_size:63,freeText:architecture=vgg13;layer_idx=0] (24.72% done)
89/2 (config_no/rep_no) [batch_size:63,freeText:architecture=vgg13;layer_idx=0] (24.72% done)
89/3 (config_no/rep_no) [batch_size:63,freeText:architecture=vgg13;layer_idx=0] (24.72% done)
Doing vgg16...
90/1 (config_no/rep_no) [batch_size:41,freeText:architecture=vgg16;layer_idx=0] (25.0% done)
90/2 (config_no/rep_no) [batch_size:41,freeText:architecture=vgg16;layer_idx=0] (25.0% done)
90/3 (config_no/rep_no) [batch_size:41,freeText:architecture=vgg16;layer_idx=0] (25.0% done)
91/1 (config_no/rep_no) [batch_size:219,freeText:architecture=vgg16;layer_idx=0] (25.28% done)
91/2 (config_no/rep_no) [batch_size:219,freeText:architecture=vgg16;layer_idx=0] (25.28% done)
91/3 (config_no/rep_no) [batch_size:219,freeText:architecture=vgg16;layer_idx=0] (25.28% done)
92/1 (config_no/rep_no) [batch_size:97,freeText:architecture=vgg16;layer_idx=0] (25.56% done)
92/2 (config_no/rep_no) [batch_size:97,freeText:architecture=vgg16;layer_idx=0] (25.56% done)
92/3 (config_no/rep_no) [batch_size:97,freeText:architecture=vgg16;layer_idx=0] (25.56% done)
93/1 (config_no/rep_no) [batch_size:195,freeText:architecture=vgg16;layer_idx=0] (25.83% done)
93/2 (config_no/rep_no) [batch_size:195,freeText:architecture=vgg16;layer_idx=0] (25.83% done)
[codecarbon ERROR @ 01:53:10] In RAPLFile : Current energy value (Energy(kWh=2.6304579932536e-05)) is lower than previous value (Energy(kWh=0.07280964382044623)) ! Source file : /sys/class/powercap/intel-rapl/intel-rapl:0/energy_uj
[codecarbon ERROR @ 01:53:13] In RAPLFile : Current energy value (Energy(kWh=6.040576026901399e-05)) is lower than previous value (Energy(kWh=0.07280964382044623)) ! Source file : /sys/class/powercap/intel-rapl/intel-rapl:0/energy_uj
[codecarbon ERROR @ 01:53:16] In RAPLFile : Current energy value (Energy(kWh=9.490092203178799e-05)) is lower than previous value (Energy(kWh=0.07280964382044623)) ! Source file : /sys/class/powercap/intel-rapl/intel-rapl:0/energy_uj
[codecarbon ERROR @ 01:53:19] In RAPLFile : Current energy value (Energy(kWh=0.00012902171821729198)) is lower than previous value (Energy(kWh=0.07280964382044623)) ! Source file : /sys/class/powercap/intel-rapl/intel-rapl:0/energy_uj
[codecarbon ERROR @ 01:53:22] In RAPLFile : Current energy value (Energy(kWh=0.000163462558825498)) is lower than previous value (Energy(kWh=0.07280964382044623)) ! Source file : /sys/class/powercap/intel-rapl/intel-rapl:0/energy_uj
[codecarbon ERROR @ 01:53:25] In RAPLFile : Current energy value (Energy(kWh=0.000197679960088286)) is lower than previous value (Energy(kWh=0.07280964382044623)) ! Source file : /sys/class/powercap/intel-rapl/intel-rapl:0/energy_uj
[codecarbon ERROR @ 01:53:28] In RAPLFile : Current energy value (Energy(kWh=0.00023224310773878199)) is lower than previous value (Energy(kWh=0.07280964382044623)) ! Source file : /sys/class/powercap/intel-rapl/intel-rapl:0/energy_uj
[codecarbon ERROR @ 01:53:31] In RAPLFile : Current energy value (Energy(kWh=0.000266586054657562)) is lower than previous value (Energy(kWh=0.07280964382044623)) ! Source file : /sys/class/powercap/intel-rapl/intel-rapl:0/energy_uj
[codecarbon ERROR @ 01:53:34] In RAPLFile : Current energy value (Energy(kWh=0.00030095751854359996)) is lower than previous value (Energy(kWh=0.07280964382044623)) ! Source file : /sys/class/powercap/intel-rapl/intel-rapl:0/energy_uj
[codecarbon ERROR @ 01:53:37] In RAPLFile : Current energy value (Energy(kWh=0.000335242821527376)) is lower than previous value (Energy(kWh=0.07280964382044623)) ! Source file : /sys/class/powercap/intel-rapl/intel-rapl:0/energy_uj
[codecarbon ERROR @ 01:53:40] In RAPLFile : Current energy value (Energy(kWh=0.00036939104967927)) is lower than previous value (Energy(kWh=0.07280964382044623)) ! Source file : /sys/class/powercap/intel-rapl/intel-rapl:0/energy_uj
[codecarbon ERROR @ 01:53:43] In RAPLFile : Current energy value (Energy(kWh=0.0004037756699647219)) is lower than previous value (Energy(kWh=0.07280964382044623)) ! Source file : /sys/class/powercap/intel-rapl/intel-rapl:0/energy_uj
[codecarbon ERROR @ 01:53:46] In RAPLFile : Current energy value (Energy(kWh=0.00043776925910401593)) is lower than previous value (Energy(kWh=0.07280964382044623)) ! Source file : /sys/class/powercap/intel-rapl/intel-rapl:0/energy_uj
[codecarbon ERROR @ 01:53:49] In RAPLFile : Current energy value (Energy(kWh=0.00047208831767035195)) is lower than previous value (Energy(kWh=0.07280964382044623)) ! Source file : /sys/class/powercap/intel-rapl/intel-rapl:0/energy_uj
[codecarbon ERROR @ 01:53:52] In RAPLFile : Current energy value (Energy(kWh=0.000506616590848504)) is lower than previous value (Energy(kWh=0.07280964382044623)) ! Source file : /sys/class/powercap/intel-rapl/intel-rapl:0/energy_uj
[codecarbon ERROR @ 01:53:55] In RAPLFile : Current energy value (Energy(kWh=0.00054056733662019)) is lower than previous value (Energy(kWh=0.07280964382044623)) ! Source file : /sys/class/powercap/intel-rapl/intel-rapl:0/energy_uj
[codecarbon ERROR @ 01:53:58] In RAPLFile : Current energy value (Energy(kWh=0.0005748212740233179)) is lower than previous value (Energy(kWh=0.07280964382044623)) ! Source file : /sys/class/powercap/intel-rapl/intel-rapl:0/energy_uj
[codecarbon ERROR @ 01:54:01] In RAPLFile : Current energy value (Energy(kWh=0.00060914436787066)) is lower than previous value (Energy(kWh=0.07280964382044623)) ! Source file : /sys/class/powercap/intel-rapl/intel-rapl:0/energy_uj
[codecarbon ERROR @ 01:54:04] In RAPLFile : Current energy value (Energy(kWh=0.0006434906717365698)) is lower than previous value (Energy(kWh=0.07280964382044623)) ! Source file : /sys/class/powercap/intel-rapl/intel-rapl:0/energy_uj
[codecarbon ERROR @ 01:54:07] In RAPLFile : Current energy value (Energy(kWh=0.0006778515392252419)) is lower than previous value (Energy(kWh=0.07280964382044623)) ! Source file : /sys/class/powercap/intel-rapl/intel-rapl:0/energy_uj
[codecarbon ERROR @ 01:54:10] In RAPLFile : Current energy value (Energy(kWh=0.0007119955118181759)) is lower than previous value (Energy(kWh=0.07280964382044623)) ! Source file : /sys/class/powercap/intel-rapl/intel-rapl:0/energy_uj
[codecarbon ERROR @ 01:54:13] In RAPLFile : Current energy value (Energy(kWh=0.0007463718923748139)) is lower than previous value (Energy(kWh=0.07280964382044623)) ! Source file : /sys/class/powercap/intel-rapl/intel-rapl:0/energy_uj
[codecarbon ERROR @ 01:54:16] In RAPLFile : Current energy value (Energy(kWh=0.000780542008599774)) is lower than previous value (Energy(kWh=0.07280964382044623)) ! Source file : /sys/class/powercap/intel-rapl/intel-rapl:0/energy_uj
[codecarbon ERROR @ 01:54:19] In RAPLFile : Current energy value (Energy(kWh=0.0008149585705774459)) is lower than previous value (Energy(kWh=0.07280964382044623)) ! Source file : /sys/class/powercap/intel-rapl/intel-rapl:0/energy_uj
[codecarbon ERROR @ 01:54:22] In RAPLFile : Current energy value (Energy(kWh=0.0008492418388373719)) is lower than previous value (Energy(kWh=0.07280964382044623)) ! Source file : /sys/class/powercap/intel-rapl/intel-rapl:0/energy_uj
[codecarbon ERROR @ 01:54:23] In RAPLFile : Current energy value (Energy(kWh=0.000859226291269372)) is lower than previous value (Energy(kWh=0.07280964382044623)) ! Source file : /sys/class/powercap/intel-rapl/intel-rapl:0/energy_uj
93/3 (config_no/rep_no) [batch_size:195,freeText:architecture=vgg16;layer_idx=0] (25.83% done)
94/1 (config_no/rep_no) [batch_size:57,freeText:architecture=vgg16;layer_idx=0] (26.11% done)
94/2 (config_no/rep_no) [batch_size:57,freeText:architecture=vgg16;layer_idx=0] (26.11% done)
94/3 (config_no/rep_no) [batch_size:57,freeText:architecture=vgg16;layer_idx=0] (26.11% done)
95/1 (config_no/rep_no) [batch_size:96,freeText:architecture=vgg16;layer_idx=0] (26.39% done)
95/2 (config_no/rep_no) [batch_size:96,freeText:architecture=vgg16;layer_idx=0] (26.39% done)
95/3 (config_no/rep_no) [batch_size:96,freeText:architecture=vgg16;layer_idx=0] (26.39% done)
96/1 (config_no/rep_no) [batch_size:109,freeText:architecture=vgg16;layer_idx=0] (26.67% done)
96/2 (config_no/rep_no) [batch_size:109,freeText:architecture=vgg16;layer_idx=0] (26.67% done)
96/3 (config_no/rep_no) [batch_size:109,freeText:architecture=vgg16;layer_idx=0] (26.67% done)
97/1 (config_no/rep_no) [batch_size:153,freeText:architecture=vgg16;layer_idx=0] (26.94% done)
97/2 (config_no/rep_no) [batch_size:153,freeText:architecture=vgg16;layer_idx=0] (26.94% done)
97/3 (config_no/rep_no) [batch_size:153,freeText:architecture=vgg16;layer_idx=0] (26.94% done)
98/1 (config_no/rep_no) [batch_size:174,freeText:architecture=vgg16;layer_idx=0] (27.22% done)
98/2 (config_no/rep_no) [batch_size:174,freeText:architecture=vgg16;layer_idx=0] (27.22% done)
98/3 (config_no/rep_no) [batch_size:174,freeText:architecture=vgg16;layer_idx=0] (27.22% done)
99/1 (config_no/rep_no) [batch_size:230,freeText:architecture=vgg16;layer_idx=0] (27.5% done)
99/2 (config_no/rep_no) [batch_size:230,freeText:architecture=vgg16;layer_idx=0] (27.5% done)
99/3 (config_no/rep_no) [batch_size:230,freeText:architecture=vgg16;layer_idx=0] (27.5% done)
100/1 (config_no/rep_no) [batch_size:8,freeText:architecture=vgg16;layer_idx=0] (27.78% done)
100/2 (config_no/rep_no) [batch_size:8,freeText:architecture=vgg16;layer_idx=0] (27.78% done)
100/3 (config_no/rep_no) [batch_size:8,freeText:architecture=vgg16;layer_idx=0] (27.78% done)
101/1 (config_no/rep_no) [batch_size:204,freeText:architecture=vgg16;layer_idx=0] (28.06% done)
101/2 (config_no/rep_no) [batch_size:204,freeText:architecture=vgg16;layer_idx=0] (28.06% done)
101/3 (config_no/rep_no) [batch_size:204,freeText:architecture=vgg16;layer_idx=0] (28.06% done)
102/1 (config_no/rep_no) [batch_size:33,freeText:architecture=vgg16;layer_idx=0] (28.33% done)
102/2 (config_no/rep_no) [batch_size:33,freeText:architecture=vgg16;layer_idx=0] (28.33% done)
102/3 (config_no/rep_no) [batch_size:33,freeText:architecture=vgg16;layer_idx=0] (28.33% done)
103/1 (config_no/rep_no) [batch_size:122,freeText:architecture=vgg16;layer_idx=0] (28.61% done)
103/2 (config_no/rep_no) [batch_size:122,freeText:architecture=vgg16;layer_idx=0] (28.61% done)
103/3 (config_no/rep_no) [batch_size:122,freeText:architecture=vgg16;layer_idx=0] (28.61% done)
104/1 (config_no/rep_no) [batch_size:135,freeText:architecture=vgg16;layer_idx=0] (28.89% done)
104/2 (config_no/rep_no) [batch_size:135,freeText:architecture=vgg16;layer_idx=0] (28.89% done)
104/3 (config_no/rep_no) [batch_size:135,freeText:architecture=vgg16;layer_idx=0] (28.89% done)
105/1 (config_no/rep_no) [batch_size:226,freeText:architecture=vgg16;layer_idx=0] (29.17% done)
105/2 (config_no/rep_no) [batch_size:226,freeText:architecture=vgg16;layer_idx=0] (29.17% done)
105/3 (config_no/rep_no) [batch_size:226,freeText:architecture=vgg16;layer_idx=0] (29.17% done)
106/1 (config_no/rep_no) [batch_size:115,freeText:architecture=vgg16;layer_idx=0] (29.44% done)
106/2 (config_no/rep_no) [batch_size:115,freeText:architecture=vgg16;layer_idx=0] (29.44% done)
106/3 (config_no/rep_no) [batch_size:115,freeText:architecture=vgg16;layer_idx=0] (29.44% done)
107/1 (config_no/rep_no) [batch_size:233,freeText:architecture=vgg16;layer_idx=0] (29.72% done)
107/2 (config_no/rep_no) [batch_size:233,freeText:architecture=vgg16;layer_idx=0] (29.72% done)
107/3 (config_no/rep_no) [batch_size:233,freeText:architecture=vgg16;layer_idx=0] (29.72% done)
108/1 (config_no/rep_no) [batch_size:204,freeText:architecture=vgg16;layer_idx=0] (30.0% done)
108/2 (config_no/rep_no) [batch_size:204,freeText:architecture=vgg16;layer_idx=0] (30.0% done)
108/3 (config_no/rep_no) [batch_size:204,freeText:architecture=vgg16;layer_idx=0] (30.0% done)
109/1 (config_no/rep_no) [batch_size:63,freeText:architecture=vgg16;layer_idx=0] (30.28% done)
109/2 (config_no/rep_no) [batch_size:63,freeText:architecture=vgg16;layer_idx=0] (30.28% done)
109/3 (config_no/rep_no) [batch_size:63,freeText:architecture=vgg16;layer_idx=0] (30.28% done)
110/1 (config_no/rep_no) [batch_size:1,freeText:architecture=vgg16;layer_idx=0] (30.56% done)
110/2 (config_no/rep_no) [batch_size:1,freeText:architecture=vgg16;layer_idx=0] (30.56% done)
110/3 (config_no/rep_no) [batch_size:1,freeText:architecture=vgg16;layer_idx=0] (30.56% done)
111/1 (config_no/rep_no) [batch_size:204,freeText:architecture=vgg16;layer_idx=0] (30.83% done)
[codecarbon ERROR @ 02:55:36] In RAPLFile : Current energy value (Energy(kWh=4.627694257708e-06)) is lower than previous value (Energy(kWh=0.07279344304998563)) ! Source file : /sys/class/powercap/intel-rapl/intel-rapl:1/energy_uj
[codecarbon ERROR @ 02:55:39] In RAPLFile : Current energy value (Energy(kWh=3.3327204995075996e-05)) is lower than previous value (Energy(kWh=0.07279344304998563)) ! Source file : /sys/class/powercap/intel-rapl/intel-rapl:1/energy_uj
[codecarbon ERROR @ 02:55:42] In RAPLFile : Current energy value (Energy(kWh=6.2505840837966e-05)) is lower than previous value (Energy(kWh=0.07279344304998563)) ! Source file : /sys/class/powercap/intel-rapl/intel-rapl:1/energy_uj
[codecarbon ERROR @ 02:55:45] In RAPLFile : Current energy value (Energy(kWh=9.151400237780999e-05)) is lower than previous value (Energy(kWh=0.07279344304998563)) ! Source file : /sys/class/powercap/intel-rapl/intel-rapl:1/energy_uj
[codecarbon ERROR @ 02:55:48] In RAPLFile : Current energy value (Energy(kWh=0.000120362591289996)) is lower than previous value (Energy(kWh=0.07279344304998563)) ! Source file : /sys/class/powercap/intel-rapl/intel-rapl:1/energy_uj
[codecarbon ERROR @ 02:55:51] In RAPLFile : Current energy value (Energy(kWh=0.00014935196753703398)) is lower than previous value (Energy(kWh=0.07279344304998563)) ! Source file : /sys/class/powercap/intel-rapl/intel-rapl:1/energy_uj
[codecarbon ERROR @ 02:55:54] In RAPLFile : Current energy value (Energy(kWh=0.00017830689292317798)) is lower than previous value (Energy(kWh=0.07279344304998563)) ! Source file : /sys/class/powercap/intel-rapl/intel-rapl:1/energy_uj
[codecarbon ERROR @ 02:55:57] In RAPLFile : Current energy value (Energy(kWh=0.00020716033072813196)) is lower than previous value (Energy(kWh=0.07279344304998563)) ! Source file : /sys/class/powercap/intel-rapl/intel-rapl:1/energy_uj
[codecarbon ERROR @ 02:56:00] In RAPLFile : Current energy value (Energy(kWh=0.0002360267721546)) is lower than previous value (Energy(kWh=0.07279344304998563)) ! Source file : /sys/class/powercap/intel-rapl/intel-rapl:1/energy_uj
[codecarbon ERROR @ 02:56:02] In RAPLFile : Current energy value (Energy(kWh=0.00025226650320193)) is lower than previous value (Energy(kWh=0.07279344304998563)) ! Source file : /sys/class/powercap/intel-rapl/intel-rapl:1/energy_uj
111/2 (config_no/rep_no) [batch_size:204,freeText:architecture=vgg16;layer_idx=0] (30.83% done)
111/3 (config_no/rep_no) [batch_size:204,freeText:architecture=vgg16;layer_idx=0] (30.83% done)
112/1 (config_no/rep_no) [batch_size:192,freeText:architecture=vgg16;layer_idx=0] (31.11% done)
112/2 (config_no/rep_no) [batch_size:192,freeText:architecture=vgg16;layer_idx=0] (31.11% done)
112/3 (config_no/rep_no) [batch_size:192,freeText:architecture=vgg16;layer_idx=0] (31.11% done)
113/1 (config_no/rep_no) [batch_size:181,freeText:architecture=vgg16;layer_idx=0] (31.39% done)
113/2 (config_no/rep_no) [batch_size:181,freeText:architecture=vgg16;layer_idx=0] (31.39% done)
113/3 (config_no/rep_no) [batch_size:181,freeText:architecture=vgg16;layer_idx=0] (31.39% done)
114/1 (config_no/rep_no) [batch_size:162,freeText:architecture=vgg16;layer_idx=0] (31.67% done)
114/2 (config_no/rep_no) [batch_size:162,freeText:architecture=vgg16;layer_idx=0] (31.67% done)
114/3 (config_no/rep_no) [batch_size:162,freeText:architecture=vgg16;layer_idx=0] (31.67% done)
115/1 (config_no/rep_no) [batch_size:208,freeText:architecture=vgg16;layer_idx=0] (31.94% done)
115/2 (config_no/rep_no) [batch_size:208,freeText:architecture=vgg16;layer_idx=0] (31.94% done)
115/3 (config_no/rep_no) [batch_size:208,freeText:architecture=vgg16;layer_idx=0] (31.94% done)
116/1 (config_no/rep_no) [batch_size:5,freeText:architecture=vgg16;layer_idx=0] (32.22% done)
116/2 (config_no/rep_no) [batch_size:5,freeText:architecture=vgg16;layer_idx=0] (32.22% done)
116/3 (config_no/rep_no) [batch_size:5,freeText:architecture=vgg16;layer_idx=0] (32.22% done)
117/1 (config_no/rep_no) [batch_size:70,freeText:architecture=vgg16;layer_idx=0] (32.5% done)
117/2 (config_no/rep_no) [batch_size:70,freeText:architecture=vgg16;layer_idx=0] (32.5% done)
117/3 (config_no/rep_no) [batch_size:70,freeText:architecture=vgg16;layer_idx=0] (32.5% done)
118/1 (config_no/rep_no) [batch_size:33,freeText:architecture=vgg16;layer_idx=0] (32.78% done)
118/2 (config_no/rep_no) [batch_size:33,freeText:architecture=vgg16;layer_idx=0] (32.78% done)
118/3 (config_no/rep_no) [batch_size:33,freeText:architecture=vgg16;layer_idx=0] (32.78% done)
119/1 (config_no/rep_no) [batch_size:116,freeText:architecture=vgg16;layer_idx=0] (33.06% done)
119/2 (config_no/rep_no) [batch_size:116,freeText:architecture=vgg16;layer_idx=0] (33.06% done)
119/3 (config_no/rep_no) [batch_size:116,freeText:architecture=vgg16;layer_idx=0] (33.06% done)
100.0% done